
AH00558: apache2: Could not reliably determine the server's fully qualified domain name, using 172.22.0.3. Set the 'ServerName' directive globally to suppress this message
[Fri Apr 08 00:39:36.774395 2022] [mpm_prefork:notice] [pid 1] AH00163: Apache/2.4.38 (Debian) PHP/7.4.2 configured -- resuming normal operations
[Fri Apr 08 00:39:36.777379 2022] [core:notice] [pid 1] AH00094: Command line: 'apache2 -D FOREGROUND'
[Fri Apr 08 00:41:24.436448 2022] [autoindex:error] [pid 17] [client 172.22.0.1:60578] AH01276: Cannot serve directory /var/www/html/: No matching DirectoryIndex (index.php,index.html) found, and server-generated directory index forbidden by Options directive
[Fri Apr 08 00:41:29.155322 2022] [autoindex:error] [pid 17] [client 172.22.0.1:60578] AH01276: Cannot serve directory /var/www/html/: No matching DirectoryIndex (index.php,index.html) found, and server-generated directory index forbidden by Options directive
[Fri Apr 08 00:41:55.969666 2022] [autoindex:error] [pid 18] [client 172.22.0.1:60580] AH01276: Cannot serve directory /var/www/html/: No matching DirectoryIndex (index.php,index.html) found, and server-generated directory index forbidden by Options directive
[Fri Apr 08 00:51:46.261095 2022] [mpm_prefork:notice] [pid 1] AH00170: caught SIGWINCH, shutting down gracefully
AH00558: apache2: Could not reliably determine the server's fully qualified domain name, using 172.23.0.4. Set the 'ServerName' directive globally to suppress this message
[Fri Apr 08 00:52:01.350673 2022] [mpm_prefork:notice] [pid 1] AH00163: Apache/2.4.38 (Debian) PHP/7.4.2 configured -- resuming normal operations
[Fri Apr 08 00:52:01.352827 2022] [core:notice] [pid 1] AH00094: Command line: 'apache2 -D FOREGROUND'
[Fri Apr 08 00:53:22.992059 2022] [mpm_prefork:notice] [pid 1] AH00170: caught SIGWINCH, shutting down gracefully
AH00558: apache2: Could not reliably determine the server's fully qualified domain name, using 172.24.0.4. Set the 'ServerName' directive globally to suppress this message
[Fri Apr 08 00:57:20.732151 2022] [mpm_prefork:notice] [pid 1] AH00163: Apache/2.4.38 (Debian) PHP/7.4.2 configured -- resuming normal operations
[Fri Apr 08 00:57:20.733908 2022] [core:notice] [pid 1] AH00094: Command line: 'apache2 -D FOREGROUND'
[Fri Apr 08 01:58:31.052490 2022] [mpm_prefork:notice] [pid 1] AH00170: caught SIGWINCH, shutting down gracefully
AH00558: apache2: Could not reliably determine the server's fully qualified domain name, using 172.25.0.4. Set the 'ServerName' directive globally to suppress this message
[Fri Apr 08 02:00:11.961612 2022] [mpm_prefork:notice] [pid 1] AH00163: Apache/2.4.38 (Debian) PHP/7.4.2 configured -- resuming normal operations
[Fri Apr 08 02:00:11.963216 2022] [core:notice] [pid 1] AH00094: Command line: 'apache2 -D FOREGROUND'
[Fri Apr 08 02:08:39.533243 2022] [mpm_prefork:notice] [pid 1] AH00170: caught SIGWINCH, shutting down gracefully
AH00558: apache2: Could not reliably determine the server's fully qualified domain name, using 172.26.0.4. Set the 'ServerName' directive globally to suppress this message
[Fri Apr 08 02:10:06.981947 2022] [mpm_prefork:notice] [pid 1] AH00163: Apache/2.4.38 (Debian) PHP/7.4.2 configured -- resuming normal operations
[Fri Apr 08 02:10:06.986134 2022] [core:notice] [pid 1] AH00094: Command line: 'apache2 -D FOREGROUND'
[Fri Apr 08 02:12:03.144874 2022] [mpm_prefork:notice] [pid 1] AH00170: caught SIGWINCH, shutting down gracefully
AH00558: apache2: Could not reliably determine the server's fully qualified domain name, using 172.27.0.4. Set the 'ServerName' directive globally to suppress this message
[Fri Apr 08 02:38:14.261848 2022] [mpm_prefork:notice] [pid 1] AH00163: Apache/2.4.38 (Debian) PHP/7.4.2 configured -- resuming normal operations
[Fri Apr 08 02:38:14.265194 2022] [core:notice] [pid 1] AH00094: Command line: 'apache2 -D FOREGROUND'
[Fri Apr 08 02:41:35.691202 2022] [mpm_prefork:notice] [pid 1] AH00170: caught SIGWINCH, shutting down gracefully
AH00558: apache2: Could not reliably determine the server's fully qualified domain name, using 172.28.0.4. Set the 'ServerName' directive globally to suppress this message
[Fri Apr 08 02:47:03.926640 2022] [mpm_prefork:notice] [pid 1] AH00163: Apache/2.4.38 (Debian) PHP/7.4.2 configured -- resuming normal operations
[Fri Apr 08 02:47:03.928035 2022] [core:notice] [pid 1] AH00094: Command line: 'apache2 -D FOREGROUND'
[Fri Apr 08 03:54:51.945231 2022] [mpm_prefork:notice] [pid 1] AH00170: caught SIGWINCH, shutting down gracefully
AH00558: apache2: Could not reliably determine the server's fully qualified domain name, using 172.30.0.4. Set the 'ServerName' directive globally to suppress this message
[Fri Apr 08 04:04:48.444302 2022] [mpm_prefork:notice] [pid 1] AH00163: Apache/2.4.38 (Debian) PHP/7.4.2 configured -- resuming normal operations
[Fri Apr 08 04:04:48.451647 2022] [core:notice] [pid 1] AH00094: Command line: 'apache2 -D FOREGROUND'
[Fri Apr 08 04:05:51.419684 2022] [mpm_prefork:notice] [pid 1] AH00170: caught SIGWINCH, shutting down gracefully
AH00558: apache2: Could not reliably determine the server's fully qualified domain name, using 192.168.48.4. Set the 'ServerName' directive globally to suppress this message
[Fri Apr 08 05:48:26.825728 2022] [mpm_prefork:notice] [pid 1] AH00163: Apache/2.4.38 (Debian) PHP/7.4.2 configured -- resuming normal operations
[Fri Apr 08 05:48:26.829458 2022] [core:notice] [pid 1] AH00094: Command line: 'apache2 -D FOREGROUND'
[Fri Apr 08 05:48:39.652725 2022] [mpm_prefork:notice] [pid 1] AH00170: caught SIGWINCH, shutting down gracefully
AH00558: apache2: Could not reliably determine the server's fully qualified domain name, using 192.168.80.4. Set the 'ServerName' directive globally to suppress this message
[Fri Apr 08 05:49:35.677556 2022] [mpm_prefork:notice] [pid 1] AH00163: Apache/2.4.38 (Debian) PHP/7.4.2 configured -- resuming normal operations
[Fri Apr 08 05:49:35.683513 2022] [core:notice] [pid 1] AH00094: Command line: 'apache2 -D FOREGROUND'
[Fri Apr 08 05:49:49.627671 2022] [mpm_prefork:notice] [pid 1] AH00170: caught SIGWINCH, shutting down gracefully
AH00558: apache2: Could not reliably determine the server's fully qualified domain name, using 192.168.96.4. Set the 'ServerName' directive globally to suppress this message
[Fri Apr 08 05:50:10.743318 2022] [mpm_prefork:notice] [pid 1] AH00163: Apache/2.4.38 (Debian) PHP/7.4.2 configured -- resuming normal operations
[Fri Apr 08 05:50:10.748685 2022] [core:notice] [pid 1] AH00094: Command line: 'apache2 -D FOREGROUND'
[Fri Apr 08 05:52:36.918701 2022] [mpm_prefork:notice] [pid 1] AH00170: caught SIGWINCH, shutting down gracefully
